Performing C SOURCE FILE Test CMAKE_HAVE_LIBC_PTHREAD failed with the following output:
Change Dir: /home/ljff/dlsys/hw4_extra/build/CMakeFiles/CMakeTmp

Run Build Command(s):/bin/make -f Makefile cmTC_130a1/fast && make[1]: Entering directory '/home/ljff/dlsys/hw4_extra/build/CMakeFiles/CMakeTmp'
/bin/make  -f CMakeFiles/cmTC_130a1.dir/build.make CMakeFiles/cmTC_130a1.dir/build
make[2]: Entering directory '/home/ljff/dlsys/hw4_extra/build/CMakeFiles/CMakeTmp'
Building C object CMakeFiles/cmTC_130a1.dir/src.c.o
/bin/cc -DCMAKE_HAVE_LIBC_PTHREAD  -fPIC  -o CMakeFiles/cmTC_130a1.dir/src.c.o -c /home/ljff/dlsys/hw4_extra/build/CMakeFiles/CMakeTmp/src.c
Linking C executable cmTC_130a1
/usr/bin/cmake -E cmake_link_script CMakeFiles/cmTC_130a1.dir/link.txt --verbose=1
/bin/cc -fPIC  CMakeFiles/cmTC_130a1.dir/src.c.o -o cmTC_130a1 
/bin/ld: CMakeFiles/cmTC_130a1.dir/src.c.o: in function `main':
src.c:(.text+0x46): undefined reference to `pthread_create'
/bin/ld: src.c:(.text+0x52): undefined reference to `pthread_detach'
/bin/ld: src.c:(.text+0x5e): undefined reference to `pthread_cancel'
/bin/ld: src.c:(.text+0x6f): undefined reference to `pthread_join'
collect2: error: ld returned 1 exit status
make[2]: *** [CMakeFiles/cmTC_130a1.dir/build.make:99: cmTC_130a1] Error 1
make[2]: Leaving directory '/home/ljff/dlsys/hw4_extra/build/CMakeFiles/CMakeTmp'
make[1]: *** [Makefile:127: cmTC_130a1/fast] Error 2
make[1]: Leaving directory '/home/ljff/dlsys/hw4_extra/build/CMakeFiles/CMakeTmp'


Source file was:
#include <pthread.h>

static void* test_func(void* data)
{
  return data;
}

int main(void)
{
  pthread_t thread;
  pthread_create(&thread, NULL, test_func, NULL);
  pthread_detach(thread);
  pthread_cancel(thread);
  pthread_join(thread, NULL);
  pthread_atfork(NULL, NULL, NULL);
  pthread_exit(NULL);

  return 0;
}

Determining if the function pthread_create exists in the pthreads failed with the following output:
Change Dir: /home/ljff/dlsys/hw4_extra/build/CMakeFiles/CMakeTmp

Run Build Command(s):/bin/make -f Makefile cmTC_c0702/fast && make[1]: Entering directory '/home/ljff/dlsys/hw4_extra/build/CMakeFiles/CMakeTmp'
/bin/make  -f CMakeFiles/cmTC_c0702.dir/build.make CMakeFiles/cmTC_c0702.dir/build
make[2]: Entering directory '/home/ljff/dlsys/hw4_extra/build/CMakeFiles/CMakeTmp'
Building C object CMakeFiles/cmTC_c0702.dir/CheckFunctionExists.c.o
/bin/cc   -fPIC -DCHECK_FUNCTION_EXISTS=pthread_create -o CMakeFiles/cmTC_c0702.dir/CheckFunctionExists.c.o -c /usr/share/cmake-3.24/Modules/CheckFunctionExists.c
Linking C executable cmTC_c0702
/usr/bin/cmake -E cmake_link_script CMakeFiles/cmTC_c0702.dir/link.txt --verbose=1
/bin/cc -fPIC -DCHECK_FUNCTION_EXISTS=pthread_create CMakeFiles/cmTC_c0702.dir/CheckFunctionExists.c.o -o cmTC_c0702  -lpthreads 
/bin/ld: cannot find -lpthreads
collect2: error: ld returned 1 exit status
make[2]: *** [CMakeFiles/cmTC_c0702.dir/build.make:99: cmTC_c0702] Error 1
make[2]: Leaving directory '/home/ljff/dlsys/hw4_extra/build/CMakeFiles/CMakeTmp'
make[1]: *** [Makefile:127: cmTC_c0702/fast] Error 2
make[1]: Leaving directory '/home/ljff/dlsys/hw4_extra/build/CMakeFiles/CMakeTmp'



